Thu 25 Apr 2024 03:10:32 PM UTC: 
 tests:  0|6
total_score: 0/70
872365e
Thu 25 Apr 2024 03:14:07 PM UTC: 
 hashmap.c | 10 ++++++++++
 1 file changed, 10 insertions(+)
 tests:  0|6
total_score: 0/70
af45785
Thu 25 Apr 2024 03:14:48 PM UTC: 
 hashmap.c | 5 ++++-
 1 file changed, 4 insertions(+), 1 deletion(-)
 tests:  4|5
total_score: 20/70
a750b5a
Thu 25 Apr 2024 03:16:24 PM UTC: 
 hashmap.c | 7 ++++++-
 1 file changed, 6 insertions(+), 1 deletion(-)
 tests:  5|4
total_score: 30/70
dcc9fc5
Thu 25 Apr 2024 03:22:10 PM UTC: 
 hashmap.c | 13 ++++++++++++-
 1 file changed, 12 insertions(+), 1 deletion(-)
 tests:  6|3
total_score: 40/70
ddd5934
Thu 25 Apr 2024 03:24:38 PM UTC: 
 hashmap.c | 3 ++-
 1 file changed, 2 insertions(+), 1 deletion(-)
 tests:  6|3
total_score: 40/70
ed05b25
Thu 25 Apr 2024 03:26:37 PM UTC: 
 hashmap.c | 10 +++++++++-
 1 file changed, 9 insertions(+), 1 deletion(-)
In file included from test.c:4:
hashmap.c: In function ‘searchMap’:
hashmap.c:104:5: error: expected ‘;’ before ‘return’
  104 |     return NULL;
      |     ^~~~~~
hashmap.c:105:1: error: control reaches end of non-void function [-Werror=return-type]
  105 | }
      | ^
cc1: all warnings being treated as errors
Compilation failed
9c1a067
Thu 25 Apr 2024 03:26:44 PM UTC: 
 hashmap.c | 2 +-
 1 file changed, 1 insertion(+), 1 deletion(-)
 tests:  6|3
total_score: 40/70
655434c
Thu 25 Apr 2024 03:27:22 PM UTC: 
 hashmap.c | 4 ----
 1 file changed, 4 deletions(-)
 tests:  0|0
5605aef
Thu 25 Apr 2024 03:27:44 PM UTC: 
 hashmap.c | 1 +
 1 file changed, 1 insertion(+)
 tests:  2|4
total_score: 20/70
2ac1f99
Thu 25 Apr 2024 03:30:25 PM UTC: 
 hashmap.c | 47 +++++++++++++++++++++++------------------------
 1 file changed, 23 insertions(+), 24 deletions(-)
 tests:  2|4
total_score: 20/70
11504bd
Thu 25 Apr 2024 03:31:27 PM UTC: 
 hashmap.c | 42 +++++++++++++++++++++++-------------------
 1 file changed, 23 insertions(+), 19 deletions(-)
In file included from test.c:4:
hashmap.c: In function ‘eraseMap’:
hashmap.c:85:47: error: unterminated comment
   85 | void eraseMap(HashMap * map,  char * key) {   /*
      |                                               ^
test.c:453:5: error: ‘main’ is normally a non-static function [-Werror=main]
  453 | int main( int argc, char *argv[] ) {
      |     ^~~~
test.c:511:1: error: expected declaration or statement at end of input
  511 | }
      | ^
At top level:
test.c:453:5: error: ‘main’ defined but not used [-Werror=unused-function]
  453 | int main( int argc, char *argv[] ) {
      |     ^~~~
test.c:217:5: error: ‘insert_test5’ defined but not used [-Werror=unused-function]
  217 | int insert_test5(){ //factor de carga>0.7, se llama a función enlarge
      |     ^~~~~~~~~~~~
test.c:131:6: error: ‘compare_test’ defined but not used [-Werror=unused-function]
  131 | void compare_test(){
      |      ^~~~~~~~~~~~
test.c:125:6: error: ‘hash_test3’ defined but not used [-Werror=unused-function]
  125 | void hash_test3(){ //no random
      |      ^~~~~~~~~~
test.c:111:6: error: ‘hash_test2’ defined but not used [-Werror=unused-function]
  111 | void hash_test2(){ // colisiones
      |      ^~~~~~~~~~
test.c:100:6: error: ‘hash_test1’ defined but not used [-Werror=unused-function]
  100 | void hash_test1(){ // posición válida
      |      ^~~~~~~~~~
cc1: all warnings being treated as errors
Compilation failed
3580fdc
Thu 25 Apr 2024 03:31:35 PM UTC: 
 hashmap.c | 2 --
 1 file changed, 2 deletions(-)
In file included from test.c:4:
hashmap.c: In function ‘eraseMap’:
hashmap.c:85:47: error: unterminated comment
   85 | void eraseMap(HashMap * map,  char * key) {   /*
      |                                               ^
test.c:453:5: error: ‘main’ is normally a non-static function [-Werror=main]
  453 | int main( int argc, char *argv[] ) {
      |     ^~~~
test.c:511:1: error: expected declaration or statement at end of input
  511 | }
      | ^
At top level:
test.c:453:5: error: ‘main’ defined but not used [-Werror=unused-function]
  453 | int main( int argc, char *argv[] ) {
      |     ^~~~
test.c:217:5: error: ‘insert_test5’ defined but not used [-Werror=unused-function]
  217 | int insert_test5(){ //factor de carga>0.7, se llama a función enlarge
      |     ^~~~~~~~~~~~
test.c:131:6: error: ‘compare_test’ defined but not used [-Werror=unused-function]
  131 | void compare_test(){
      |      ^~~~~~~~~~~~
test.c:125:6: error: ‘hash_test3’ defined but not used [-Werror=unused-function]
  125 | void hash_test3(){ //no random
      |      ^~~~~~~~~~
test.c:111:6: error: ‘hash_test2’ defined but not used [-Werror=unused-function]
  111 | void hash_test2(){ // colisiones
      |      ^~~~~~~~~~
test.c:100:6: error: ‘hash_test1’ defined but not used [-Werror=unused-function]
  100 | void hash_test1(){ // posición válida
      |      ^~~~~~~~~~
cc1: all warnings being treated as errors
Compilation failed
2bae03a
Thu 25 Apr 2024 03:31:38 PM UTC: 
 hashmap.c | 2 +-
 1 file changed, 1 insertion(+), 1 deletion(-)
 tests:  5|3
total_score: 30/70
caac425
Sat 27 Apr 2024 02:33:19 AM UTC: 
 hashmap.c | 1 +
 1 file changed, 1 insertion(+)
 tests:  9|2
total_score: 50/70
4d5b56d
